<?xml version="1.0" encoding="UTF-8"?>
<!-- Generated by org.testng.reporters.JUnitReportReporter -->
<testsuite hostname="DESKTOP-DPH1TNJ" failures="0" tests="1" name="AppTest" time="22.806" errors="0" timestamp="2023-06-10T02:22:49 IST" skipped="0">
  <testcase classname="AppTest" name="seltest" time="22.806"/>
  <system-out>
    <![CDATA[the browser is opennow
details are specified]]>
  </system-out>
</testsuite> <!-- AppTest -->
