<?xml version="1.0" encoding="UTF-8"?>
<!-- Generated by org.testng.reporters.JUnitReportReporter -->
<testsuite hostname="DESKTOP-DPH1TNJ" failures="0" tests="1" name="com.qa.testngdemo.AppTest" time="15.703" errors="0" timestamp="2023-06-10T02:25:48 IST" skipped="0">
  <testcase classname="com.qa.testngdemo.AppTest" name="seltest" time="15.703"/>
  <system-out>
    <![CDATA[the browser is opennow
details are specified]]>
  </system-out>
</testsuite> <!-- com.qa.testngdemo.AppTest -->
